#-----------------------------------------------------------
# Vivado v2023.2 (64-bit)
# SW Build 4029153 on Fri Oct 13 20:14:34 MDT 2023
# IP Build 4028589 on Sat Oct 14 00:45:43 MDT 2023
# SharedData Build 4025554 on Tue Oct 10 17:18:54 MDT 2023
# Start of session at: Wed Mar 27 13:44:33 2024
# Process ID: 63320
# Current directory: C:/Users/19165/Documents/Xilinx_Projects/SDO_LVDS
# Command line: vivado.exe -gui_launcher_event rodinguilauncherevent60372 C:\Users\19165\Documents\Xilinx_Projects\SDO_LVDS\SDO_LVDS.xpr
# Log file: C:/Users/19165/Documents/Xilinx_Projects/SDO_LVDS/vivado.log
# Journal file: C:/Users/19165/Documents/Xilinx_Projects/SDO_LVDS\vivado.jou
# Running On: LAPTOP-4NG0TGNQ, OS: Windows, CPU Frequency: 2496 MHz, CPU Physical cores: 10, Host memory: 12540 MB
#-----------------------------------------------------------
start_gui
open_project C:/Users/19165/Documents/Xilinx_Projects/SDO_LVDS/SDO_LVDS.xpr
WARNING: [Board 49-26] cannot add Board Part xilinx.com:vek280_es:part0:1.0 available at C:/Xilinx/Vivado/2023.2/data/xhub/boards/XilinxBoardStore/boards/Xilinx/vek280/es/rev_a/1.0/board.xml as part xcve2802-vsvh1760-2lp-e-s-es1 specified in board_part file is either invalid or not available
WARNING: [Board 49-26] cannot add Board Part xilinx.com:vek280_es:part0:1.1 available at C:/Xilinx/Vivado/2023.2/data/xhub/boards/XilinxBoardStore/boards/Xilinx/vek280/es/rev_a/1.1/board.xml as part xcve2802-vsvh1760-2lp-e-s-es1 specified in board_part file is either invalid or not available
WARNING: [Board 49-26] cannot add Board Part xilinx.com:vek280_es_revb:part0:1.0 available at C:/Xilinx/Vivado/2023.2/data/xhub/boards/XilinxBoardStore/boards/Xilinx/vek280/es/rev_b/1.0/board.xml as part xcve2802-vsvh1760-2mp-e-s-es1 specified in board_part file is either invalid or not available
WARNING: [Board 49-26] cannot add Board Part xilinx.com:vek280_es_revb:part0:1.1 available at C:/Xilinx/Vivado/2023.2/data/xhub/boards/XilinxBoardStore/boards/Xilinx/vek280/es/rev_b/1.1/board.xml as part xcve2802-vsvh1760-2mp-e-s-es1 specified in board_part file is either invalid or not available
WARNING: [Board 49-26] cannot add Board Part xilinx.com:vhk158_es:part0:1.0 available at C:/Xilinx/Vivado/2023.2/data/xhub/boards/XilinxBoardStore/boards/Xilinx/vhk158/es/1.0/board.xml as part xcvh1582-vsva3697-2mp-e-s-es1 specified in board_part file is either invalid or not available
WARNING: [Board 49-26] cannot add Board Part xilinx.com:vhk158_es:part0:1.1 available at C:/Xilinx/Vivado/2023.2/data/xhub/boards/XilinxBoardStore/boards/Xilinx/vhk158/es/1.1/board.xml as part xcvh1582-vsva3697-2mp-e-s-es1 specified in board_part file is either invalid or not available
WARNING: [Board 49-26] cannot add Board Part xilinx.com:zcu208ld:part0:2.0 available at C:/Xilinx/Vivado/2023.2/data/xhub/boards/XilinxBoardStore/boards/Xilinx/zcu208ld/production/2.0/board.xml as part xczu58dr-fsvg1517-2-i specified in board_part file is either invalid or not available
WARNING: [Board 49-26] cannot add Board Part xilinx.com:zcu216ld:part0:2.0 available at C:/Xilinx/Vivado/2023.2/data/xhub/boards/XilinxBoardStore/boards/Xilinx/zcu216ld/production/2.0/board.xml as part xczu59dr-ffvf1760-2-i specified in board_part file is either invalid or not available
WARNING: [Board 49-26] cannot add Board Part xilinx.com:zcu670:part0:2.0 available at C:/Xilinx/Vivado/2023.2/data/xhub/boards/XilinxBoardStore/boards/Xilinx/zcu670/2.0/board.xml as part xczu67dr-fsve1156-2-i specified in board_part file is either invalid or not available
WARNING: [Board 49-26] cannot add Board Part xilinx.com:zcu670ld:part0:1.0 available at C:/Xilinx/Vivado/2023.2/data/xhub/boards/XilinxBoardStore/boards/Xilinx/zcu670ld/1.0/board.xml as part xczu57dr-fsve1156-2-i specified in board_part file is either invalid or not available
WARNING: [filemgmt 56-3] IP Repository Path: Could not find the directory 'C:/Users/19165/digilent/vivado-library/ip'.
Scanning sources...
Finished scanning sources
INFO: [IP_Flow 19-234] Refreshing IP repositories
INFO: [IP_Flow 19-1700] Loaded user IP repository 'c:/Users/19165/Documents/Xilinx_Projects/ip_repo/LVDS_Tx_1_0'.
INFO: [IP_Flow 19-1700] Loaded user IP repository 'c:/Users/19165/Documents/Xilinx_Projects/ip_repo/ClockDivider_1_0'.
WARNING: [IP_Flow 19-2248] Failed to load user IP repository 'c:/Users/19165/digilent/vivado-library/ip'; Can't find the specified path.
If this directory should no longer be in your list of user repositories, go to the IP Settings dialog and remove it.
INFO: [IP_Flow 19-2313] Loaded Vivado IP repository 'C:/Xilinx/Vivado/2023.2/data/ip'.
open_project: Time (s): cpu = 00:00:05 ; elapsed = 00:00:14 . Memory (MB): peak = 1680.461 ; gain = 527.109
reset_run synth_1
INFO: [Project 1-1161] Replacing file C:/Users/19165/Documents/Xilinx_Projects/SDO_LVDS/SDO_LVDS.srcs/utils_1/imports/synth_1/design_1_wrapper.dcp with file C:/Users/19165/Documents/Xilinx_Projects/SDO_LVDS/SDO_LVDS.runs/synth_1/design_1_wrapper.dcp
launch_runs impl_1 -to_step write_bitstream -jobs 6
WARNING: [BD 41-2670] Found an incomplete address path from address space '/processing_system7_0/Data' to master interface '/ps7_0_axi_periph/M04_AXI'. Please either complete or remove this path to resolve.
WARNING: [BD 41-2670] Found an incomplete address path from address space '/processing_system7_0/Data' to master interface '/ps7_0_axi_periph/M05_AXI'. Please either complete or remove this path to resolve.
WARNING: [BD 41-2670] Found an incomplete address path from address space '/processing_system7_0/Data' to master interface '/ps7_0_axi_periph/M06_AXI'. Please either complete or remove this path to resolve.
WARNING: [BD 41-2670] Found an incomplete address path from address space '/processing_system7_0/Data' to master interface '/ps7_0_axi_periph/M03_AXI'. Please either complete or remove this path to resolve.
WARNING: [BD 41-2670] Found an incomplete address path from address space '/processing_system7_0/Data' to master interface '/ps7_0_axi_periph/M07_AXI'. Please either complete or remove this path to resolve.
WARNING: [BD 5-699] No address segments matched 'get_bd_addr_segs -addressables -of_objects /ps7_0_axi_periph/xbar/M03_AXI'
WARNING: [BD 5-699] No address segments matched 'get_bd_addr_segs -addressables -of_objects /ps7_0_axi_periph/xbar/M04_AXI'
WARNING: [BD 5-699] No address segments matched 'get_bd_addr_segs -addressables -of_objects /ps7_0_axi_periph/xbar/M05_AXI'
WARNING: [BD 5-699] No address segments matched 'get_bd_addr_segs -addressables -of_objects /ps7_0_axi_periph/xbar/M06_AXI'
WARNING: [BD 5-699] No address segments matched 'get_bd_addr_segs -addressables -of_objects /ps7_0_axi_periph/xbar/M07_AXI'
Wrote  : <C:\Users\19165\Documents\Xilinx_Projects\SDO_LVDS\SDO_LVDS.srcs\sources_1\bd\design_1\design_1.bd> 
Verilog Output written to : c:/Users/19165/Documents/Xilinx_Projects/SDO_LVDS/SDO_LVDS.gen/sources_1/bd/design_1/synth/design_1.v
Verilog Output written to : c:/Users/19165/Documents/Xilinx_Projects/SDO_LVDS/SDO_LVDS.gen/sources_1/bd/design_1/sim/design_1.v
Verilog Output written to : c:/Users/19165/Documents/Xilinx_Projects/SDO_LVDS/SDO_LVDS.gen/sources_1/bd/design_1/hdl/design_1_wrapper.v
INFO: [IP_Flow 19-5611] Unable to find an associated reset port for the interface 'M_AXI_GP0'. A default connection has been created.
INFO: [BD 41-1029] Generation completed for the IP Integrator block processing_system7_0 .
INFO: [BD 41-1029] Generation completed for the IP Integrator block ps7_0_axi_periph/xbar .
INFO: [BD 41-1029] Generation completed for the IP Integrator block rst_ps7_0_100M .
WARNING: [IP_Flow 19-4994] Overwriting existing constraint file 'c:/Users/19165/Documents/Xilinx_Projects/SDO_LVDS/SDO_LVDS.gen/sources_1/bd/design_1/ip/design_1_auto_pc_3/design_1_auto_pc_3_ooc.xdc'
INFO: [BD 41-1029] Generation completed for the IP Integrator block ps7_0_axi_periph/s00_couplers/auto_pc .
WARNING: [IP_Flow 19-4994] Overwriting existing constraint file 'c:/Users/19165/Documents/Xilinx_Projects/SDO_LVDS/SDO_LVDS.gen/sources_1/bd/design_1/ip/design_1_auto_pc_0/design_1_auto_pc_0_ooc.xdc'
INFO: [BD 41-1029] Generation completed for the IP Integrator block ps7_0_axi_periph/m00_couplers/auto_pc .
WARNING: [IP_Flow 19-4994] Overwriting existing constraint file 'c:/Users/19165/Documents/Xilinx_Projects/SDO_LVDS/SDO_LVDS.gen/sources_1/bd/design_1/ip/design_1_auto_pc_1/design_1_auto_pc_1_ooc.xdc'
INFO: [BD 41-1029] Generation completed for the IP Integrator block ps7_0_axi_periph/m01_couplers/auto_pc .
WARNING: [IP_Flow 19-4994] Overwriting existing constraint file 'c:/Users/19165/Documents/Xilinx_Projects/SDO_LVDS/SDO_LVDS.gen/sources_1/bd/design_1/ip/design_1_auto_pc_2/design_1_auto_pc_2_ooc.xdc'
INFO: [BD 41-1029] Generation completed for the IP Integrator block ps7_0_axi_periph/m02_couplers/auto_pc .
Exporting to file c:/Users/19165/Documents/Xilinx_Projects/SDO_LVDS/SDO_LVDS.gen/sources_1/bd/design_1/hw_handoff/design_1.hwh
Generated Hardware Definition File c:/Users/19165/Documents/Xilinx_Projects/SDO_LVDS/SDO_LVDS.gen/sources_1/bd/design_1/synth/design_1.hwdef
INFO: [IP_Flow 19-6930] IPCACHE: runCacheChecks() number of threads = 8
INFO: [IP_Flow 19-6921] IPCACHE: Adding cache check func to thread queue for IP design_1_auto_pc_0
INFO: [IP_Flow 19-6921] IPCACHE: Adding cache check func to thread queue for IP design_1_auto_pc_1
INFO: [IP_Flow 19-6921] IPCACHE: Adding cache check func to thread queue for IP design_1_auto_pc_2
INFO: [IP_Flow 19-6921] IPCACHE: Adding cache check func to thread queue for IP design_1_auto_pc_3
INFO: [IP_Flow 19-6921] IPCACHE: Adding cache check func to thread queue for IP design_1_rst_ps7_0_100M_0
INFO: [IP_Flow 19-6921] IPCACHE: Adding cache check func to thread queue for IP design_1_xbar_0
INFO: [IP_Flow 19-8020] IPCACHE: runCacheChecks() calling threadPool finishWork()
INFO: [IP_Flow 19-6924] IPCACHE: Running cache check for IP inst: design_1_auto_pc_0
INFO: [IP_Flow 19-6924] IPCACHE: Running cache check for IP inst: design_1_auto_pc_1
INFO: [IP_Flow 19-6924] IPCACHE: Running cache check for IP inst: design_1_auto_pc_2
INFO: [IP_Flow 19-6924] IPCACHE: Running cache check for IP inst: design_1_auto_pc_3
INFO: [IP_Flow 19-6924] IPCACHE: Running cache check for IP inst: design_1_rst_ps7_0_100M_0
INFO: [IP_Flow 19-6924] IPCACHE: Running cache check for IP inst: design_1_xbar_0
[Wed Mar 27 13:50:13 2024] Launched design_1_processing_system7_0_0_synth_1, design_1_xbar_0_synth_1, design_1_rst_ps7_0_100M_0_synth_1, design_1_auto_pc_0_synth_1, design_1_auto_pc_3_synth_1, design_1_auto_pc_1_synth_1, design_1_auto_pc_2_synth_1, synth_1...
Run output will be captured here:
design_1_processing_system7_0_0_synth_1: C:/Users/19165/Documents/Xilinx_Projects/SDO_LVDS/SDO_LVDS.runs/design_1_processing_system7_0_0_synth_1/runme.log
design_1_xbar_0_synth_1: C:/Users/19165/Documents/Xilinx_Projects/SDO_LVDS/SDO_LVDS.runs/design_1_xbar_0_synth_1/runme.log
design_1_rst_ps7_0_100M_0_synth_1: C:/Users/19165/Documents/Xilinx_Projects/SDO_LVDS/SDO_LVDS.runs/design_1_rst_ps7_0_100M_0_synth_1/runme.log
design_1_auto_pc_0_synth_1: C:/Users/19165/Documents/Xilinx_Projects/SDO_LVDS/SDO_LVDS.runs/design_1_auto_pc_0_synth_1/runme.log
design_1_auto_pc_3_synth_1: C:/Users/19165/Documents/Xilinx_Projects/SDO_LVDS/SDO_LVDS.runs/design_1_auto_pc_3_synth_1/runme.log
design_1_auto_pc_1_synth_1: C:/Users/19165/Documents/Xilinx_Projects/SDO_LVDS/SDO_LVDS.runs/design_1_auto_pc_1_synth_1/runme.log
design_1_auto_pc_2_synth_1: C:/Users/19165/Documents/Xilinx_Projects/SDO_LVDS/SDO_LVDS.runs/design_1_auto_pc_2_synth_1/runme.log
synth_1: C:/Users/19165/Documents/Xilinx_Projects/SDO_LVDS/SDO_LVDS.runs/synth_1/runme.log
[Wed Mar 27 13:50:14 2024] Launched impl_1...
Run output will be captured here: C:/Users/19165/Documents/Xilinx_Projects/SDO_LVDS/SDO_LVDS.runs/impl_1/runme.log
launch_runs: Time (s): cpu = 00:00:16 ; elapsed = 00:01:53 . Memory (MB): peak = 2082.484 ; gain = 402.023
exit
INFO: [Common 17-206] Exiting Vivado at Wed Mar 27 14:03:43 2024...
